<?xml version="1.0" encoding="UTF-8"?>
<!-- Generated by org.testng.reporters.JUnitXMLReporter -->
<testsuite hostname="Aravind" ignored="0" name="LoginPageTests" tests="7" failures="0" timestamp="03 Jun 2025 16:10:10 GMT" time="68.047" errors="0">
  <testcase name="TestpageTitle" time="0.028" classname="my_own_created_htmlpages_Test.LoginPageTest"/>
  <testcase name="testValidLogin" time="6.4" classname="my_own_created_htmlpages_Test.LoginPageTest"/>
  <testcase name="testInvalidLogin" time="0.855" classname="my_own_created_htmlpages_Test.LoginPageTest"/>
  <testcase name="testBlankUsername" time="0.87" classname="my_own_created_htmlpages_Test.LoginPageTest"/>
  <testcase name="testBlankPassword" time="0.858" classname="my_own_created_htmlpages_Test.LoginPageTest"/>
  <testcase name="testBlankUsernameAndPassword" time="0.844" classname="my_own_created_htmlpages_Test.LoginPageTest"/>
  <testcase name="testErrorMessageDisplay" time="0.42" classname="my_own_created_htmlpages_Test.LoginPageTest"/>
</testsuite> <!-- LoginPageTests -->
