<?xml version="1.0" encoding="UTF-8"?>
<!-- Generated by org.testng.reporters.JUnitXMLReporter -->
<testsuite hostname="Aravind" ignored="0" name="Test" tests="2" failures="1" timestamp="26 May 2025 10:56:23 GMT" time="27.185" errors="0">
  <testcase name="Clickonfruits" time="5.908" classname="TestCases.AddFruitstocart"/>
  <testcase name="addfruits" time="9.924" classname="TestCases.AddFruitstocart">
    <failure type="junit.framework.ComparisonFailure" message="Payment Details expected:&amp;lt;Payment Details&amp;gt; but was:&amp;lt;Successfully added fruits to cart page and awaiting payment&amp;gt;">
      <![CDATA[junit.framework.ComparisonFailure: Payment Details expected:<Payment Details> but was:<Successfully added fruits to cart page and awaiting payment>
at junit.framework.Assert.assertEquals(Assert.java:81)
at TestCases.AddFruitstocart.addfruits(AddFruitstocart.java:35)
... Removed 25 stack frames]]>
    </failure>
  </testcase> <!-- addfruits -->
</testsuite> <!-- Test -->
