<?xml version="1.0" encoding="UTF-8"?>
<testng-results skipped="0" failed="1" ignored="1" total="3" passed="1">
  <reporter-output>
  </reporter-output>
  <suite name="Jio Mart Website" duration-ms="26627" started-at="2025-06-01T08:18:09Z" finished-at="2025-06-01T08:18:36Z">
    <groups>
      <group name="HomepageTest">
        <method signature="HomepageTest.ClickonCart()[pri:2, instance:TestCases.HomepageTest@1ec318]" name="ClickonCart" class="TestCases.HomepageTest"/>
        <method signature="HomepageTest.VerifyTitleTest()[pri:1, instance:TestCases.HomepageTest@1ec318]" name="VerifyTitleTest" class="TestCases.HomepageTest"/>
      </group> <!-- HomepageTest -->
    </groups>
    <test name="Homepage,Fruits page and cart page Validation" duration-ms="26627" started-at="2025-06-01T08:18:09Z" finished-at="2025-06-01T08:18:36Z">
      <class name="TestCases.HomepageTest">
        <test-method status="PASS" signature="setdriver(java.lang.String)[pri:0, instance:TestCases.HomepageTest@1ec318]" name="setdriver" is-config="true" duration-ms="21632" started-at="2025-06-01T08:18:10Z" finished-at="2025-06-01T08:18:32Z">
          <params>
            <param index="0">
              <value>
                <![CDATA[chrome]]>
              </value>
            </param>
          </params>
          <reporter-output>
          </reporter-output>
        </test-method> <!-- setdriver -->
        <test-method status="PASS" signature="VerifyTitleTest()[pri:1, instance:TestCases.HomepageTest@1ec318]" name="VerifyTitleTest" duration-ms="2204" started-at="2025-06-01T08:18:32Z" finished-at="2025-06-01T08:18:34Z">
          <reporter-output>
          </reporter-output>
        </test-method> <!-- VerifyTitleTest -->
        <test-method status="FAIL" signature="ClickonCart()[pri:2, instance:TestCases.HomepageTest@1ec318]" name="ClickonCart" duration-ms="1221" started-at="2025-06-01T08:18:34Z" finished-at="2025-06-01T08:18:35Z">
          <exception class="org.openqa.selenium.ElementClickInterceptedException">
            <message>
              <![CDATA[element click intercepted: Element <button class="jm-btn primary medium jm-icon jm-border-none" id="btn_minicart" aria-label="cart icon">...</button> is not clickable at point (1137, 40). Other element would receive the click: <div class="backdrop web_pincode_popup" style="display: block;"></div>
  (Session info: chrome=109.0.5414.120)
Build info: version: '3.14.0', revision: 'aacccce0', time: '2018-08-02T20:19:58.91Z'
System info: host: 'ARAVIND', ip: '192.168.12.204', os.name: 'Windows 7', os.arch: 'x86', os.version: '6.1', java.version: '1.8.0_251'
Driver info: org.openqa.selenium.chrome.ChromeDriver
Capabilities {acceptInsecureCerts: false, browserName: chrome, browserVersion: 109.0.5414.120, chrome: {chromedriverVersion: 109.0.5414.74 (e7c5703604da..., userDataDir: C:\Program Files\scoped_dir...}, goog:chromeOptions: {debuggerAddress: localhost:52716}, javascriptEnabled: true, networkConnectionEnabled: false, pageLoadStrategy: normal, platform: WINDOWS, platformName: WINDOWS, proxy: Proxy(), setWindowRect: true, strictFileInteractability: false, timeouts: {implicit: 0, pageLoad: 300000, script: 30000}, unhandledPromptBehavior: dismiss and notify, webauthn:extension:credBlob: true, webauthn:extension:largeBlob: true, webauthn:virtualAuthenticators: true}
Session ID: 2499a474cf9c25980375443afb68d963]]>
            </message>
            <full-stacktrace>
              <![CDATA[org.openqa.selenium.ElementClickInterceptedException: element click intercepted: Element <button class="jm-btn primary medium jm-icon jm-border-none" id="btn_minicart" aria-label="cart icon">...</button> is not clickable at point (1137, 40). Other element would receive the click: <div class="backdrop web_pincode_popup" style="display: block;"></div>
  (Session info: chrome=109.0.5414.120)
Build info: version: '3.14.0', revision: 'aacccce0', time: '2018-08-02T20:19:58.91Z'
System info: host: 'ARAVIND', ip: '192.168.12.204', os.name: 'Windows 7', os.arch: 'x86', os.version: '6.1', java.version: '1.8.0_251'
Driver info: org.openqa.selenium.chrome.ChromeDriver
Capabilities {acceptInsecureCerts: false, browserName: chrome, browserVersion: 109.0.5414.120, chrome: {chromedriverVersion: 109.0.5414.74 (e7c5703604da..., userDataDir: C:\Program Files\scoped_dir...}, goog:chromeOptions: {debuggerAddress: localhost:52716}, javascriptEnabled: true, networkConnectionEnabled: false, pageLoadStrategy: normal, platform: WINDOWS, platformName: WINDOWS, proxy: Proxy(), setWindowRect: true, strictFileInteractability: false, timeouts: {implicit: 0, pageLoad: 300000, script: 30000}, unhandledPromptBehavior: dismiss and notify, webauthn:extension:credBlob: true, webauthn:extension:largeBlob: true, webauthn:virtualAuthenticators: true}
Session ID: 2499a474cf9c25980375443afb68d963
at sun.reflect.NativeConstructorAccessorImpl.newInstance0(Native Method)
at sun.reflect.NativeConstructorAccessorImpl.newInstance(Unknown Source)
at sun.reflect.DelegatingConstructorAccessorImpl.newInstance(Unknown Source)
at java.lang.reflect.Constructor.newInstance(Unknown Source)
at org.openqa.selenium.remote.http.W3CHttpResponseCodec.createException(W3CHttpResponseCodec.java:187)
at org.openqa.selenium.remote.http.W3CHttpResponseCodec.decode(W3CHttpResponseCodec.java:122)
at org.openqa.selenium.remote.http.W3CHttpResponseCodec.decode(W3CHttpResponseCodec.java:49)
at org.openqa.selenium.remote.HttpCommandExecutor.execute(HttpCommandExecutor.java:158)
at org.openqa.selenium.remote.service.DriverCommandExecutor.execute(DriverCommandExecutor.java:83)
at org.openqa.selenium.remote.RemoteWebDriver.execute(RemoteWebDriver.java:548)
at org.openqa.selenium.remote.RemoteWebElement.execute(RemoteWebElement.java:276)
at org.openqa.selenium.remote.RemoteWebElement.click(RemoteWebElement.java:83)
at baseclass.Basepage.Click(Basepage.java:31)
at pages.HomePage.ClickonCart(HomePage.java:43)
at TestCases.HomepageTest.ClickonCart(HomepageTest.java:32)
at sun.reflect.NativeMethodAccessorImpl.invoke0(Native Method)
at sun.reflect.NativeMethodAccessorImpl.invoke(Unknown Source)
at sun.reflect.DelegatingMethodAccessorImpl.invoke(Unknown Source)
at java.lang.reflect.Method.invoke(Unknown Source)
at org.testng.internal.MethodInvocationHelper.invokeMethod(MethodInvocationHelper.java:124)
at org.testng.internal.Invoker.invokeMethod(Invoker.java:583)
at org.testng.internal.Invoker.invokeTestMethod(Invoker.java:719)
at org.testng.internal.Invoker.invokeTestMethods(Invoker.java:989)
at org.testng.internal.TestMethodWorker.invokeTestMethods(TestMethodWorker.java:125)
at org.testng.internal.TestMethodWorker.run(TestMethodWorker.java:109)
at org.testng.TestRunner.privateRun(TestRunner.java:648)
at org.testng.TestRunner.run(TestRunner.java:505)
at org.testng.SuiteRunner.runTest(SuiteRunner.java:455)
at org.testng.SuiteRunner.runSequentially(SuiteRunner.java:450)
at org.testng.SuiteRunner.privateRun(SuiteRunner.java:415)
at org.testng.SuiteRunner.run(SuiteRunner.java:364)
at org.testng.SuiteRunnerWorker.runSuite(SuiteRunnerWorker.java:52)
at org.testng.SuiteRunnerWorker.run(SuiteRunnerWorker.java:84)
at org.testng.TestNG.runSuitesSequentially(TestNG.java:1208)
at org.testng.TestNG.runSuitesLocally(TestNG.java:1137)
at org.testng.TestNG.runSuites(TestNG.java:1049)
at org.testng.TestNG.run(TestNG.java:1017)
at org.testng.remote.AbstractRemoteTestNG.run(AbstractRemoteTestNG.java:115)
at org.testng.remote.RemoteTestNG.initAndRun(RemoteTestNG.java:251)
at org.testng.remote.RemoteTestNG.main(RemoteTestNG.java:77)
]]>
            </full-stacktrace>
          </exception> <!-- org.openqa.selenium.ElementClickInterceptedException -->
          <reporter-output>
          </reporter-output>
        </test-method> <!-- ClickonCart -->
      </class> <!-- TestCases.HomepageTest -->
    </test> <!-- Homepage,Fruits page and cart page Validation -->
  </suite> <!-- Jio Mart Website -->
</testng-results>
