<?xml version="1.0" encoding="UTF-8"?>
<!-- Generated by org.testng.reporters.JUnitXMLReporter -->
<testsuite hostname="Aravind" ignored="2" name="Homepage,Fruits page and cart page Validation" tests="1" failures="0" timestamp="01 Jun 2025 13:33:58 GMT" time="109.436" errors="0">
  <testcase name="VerifyTitleTest" time="0.859" classname="jioMart_TestCases.HomepageTest"/>
  <testcase name="Validatesearchwithhashmap" time="0.0" classname="jioMart_TestCases.HomepageTest">
    <ignored/>
  </testcase> <!-- Validatesearchwithhashmap -->
  <testcase name="ClickonCart" time="0.0" classname="jioMart_TestCases.HomepageTest">
    <ignored/>
  </testcase> <!-- ClickonCart -->
</testsuite> <!-- Homepage,Fruits page and cart page Validation -->
