<?xml version="1.0" encoding="UTF-8"?>
<!-- Generated by org.testng.reporters.JUnitXMLReporter -->
<testsuite hostname="Aravind" ignored="1" name="Homepage,Fruits page and cart page Validation" tests="2" failures="1" timestamp="01 Jun 2025 08:18:36 GMT" time="26.627" errors="0">
  <testcase name="VerifyTitleTest" time="2.204" classname="TestCases.HomepageTest"/>
  <testcase name="ClickonCart" time="1.221" classname="TestCases.HomepageTest">
    <failure type="org.openqa.selenium.ElementClickInterceptedException" message="element click intercepted: Element &amp;lt;button class=&amp;quot;jm-btn primary medium jm-icon jm-border-none&amp;quot; id=&amp;quot;btn_minicart&amp;quot; aria-label=&amp;quot;cart icon&amp;quot;&amp;gt;...&amp;lt;/button&amp;gt; is not clickable at point (1137, 40). Other element would receive the click: &amp;lt;div class=&amp;quot;backdrop web_pincode_popup&amp;quot; style=&amp;quot;display: block;&amp;quot;&amp;gt;&amp;lt;/div&amp;gt;
  (Session info: chrome=109.0.5414.120)
Build info: version: &amp;apos;3.14.0&amp;apos;, revision: &amp;apos;aacccce0&amp;apos;, time: &amp;apos;2018-08-02T20:19:58.91Z&amp;apos;
System info: host: &amp;apos;ARAVIND&amp;apos;, ip: &amp;apos;192.168.12.204&amp;apos;, os.name: &amp;apos;Windows 7&amp;apos;, os.arch: &amp;apos;x86&amp;apos;, os.version: &amp;apos;6.1&amp;apos;, java.version: &amp;apos;1.8.0_251&amp;apos;
Driver info: org.openqa.selenium.chrome.ChromeDriver
Capabilities {acceptInsecureCerts: false, browserName: chrome, browserVersion: 109.0.5414.120, chrome: {chromedriverVersion: 109.0.5414.74 (e7c5703604da..., userDataDir: C:\Program Files\scoped_dir...}, goog:chromeOptions: {debuggerAddress: localhost:52716}, javascriptEnabled: true, networkConnectionEnabled: false, pageLoadStrategy: normal, platform: WINDOWS, platformName: WINDOWS, proxy: Proxy(), setWindowRect: true, strictFileInteractability: false, timeouts: {implicit: 0, pageLoad: 300000, script: 30000}, unhandledPromptBehavior: dismiss and notify, webauthn:extension:credBlob: true, webauthn:extension:largeBlob: true, webauthn:virtualAuthenticators: true}
Session ID: 2499a474cf9c25980375443afb68d963">
      <![CDATA[org.openqa.selenium.ElementClickInterceptedException: element click intercepted: Element <button class="jm-btn primary medium jm-icon jm-border-none" id="btn_minicart" aria-label="cart icon">...</button> is not clickable at point (1137, 40). Other element would receive the click: <div class="backdrop web_pincode_popup" style="display: block;"></div>
  (Session info: chrome=109.0.5414.120)
Build info: version: '3.14.0', revision: 'aacccce0', time: '2018-08-02T20:19:58.91Z'
System info: host: 'ARAVIND', ip: '192.168.12.204', os.name: 'Windows 7', os.arch: 'x86', os.version: '6.1', java.version: '1.8.0_251'
Driver info: org.openqa.selenium.chrome.ChromeDriver
Capabilities {acceptInsecureCerts: false, browserName: chrome, browserVersion: 109.0.5414.120, chrome: {chromedriverVersion: 109.0.5414.74 (e7c5703604da..., userDataDir: C:\Program Files\scoped_dir...}, goog:chromeOptions: {debuggerAddress: localhost:52716}, javascriptEnabled: true, networkConnectionEnabled: false, pageLoadStrategy: normal, platform: WINDOWS, platformName: WINDOWS, proxy: Proxy(), setWindowRect: true, strictFileInteractability: false, timeouts: {implicit: 0, pageLoad: 300000, script: 30000}, unhandledPromptBehavior: dismiss and notify, webauthn:extension:credBlob: true, webauthn:extension:largeBlob: true, webauthn:virtualAuthenticators: true}
Session ID: 2499a474cf9c25980375443afb68d963
at org.openqa.selenium.remote.http.W3CHttpResponseCodec.createException(W3CHttpResponseCodec.java:187)
at org.openqa.selenium.remote.http.W3CHttpResponseCodec.decode(W3CHttpResponseCodec.java:122)
at org.openqa.selenium.remote.http.W3CHttpResponseCodec.decode(W3CHttpResponseCodec.java:49)
at org.openqa.selenium.remote.HttpCommandExecutor.execute(HttpCommandExecutor.java:158)
at org.openqa.selenium.remote.service.DriverCommandExecutor.execute(DriverCommandExecutor.java:83)
at org.openqa.selenium.remote.RemoteWebDriver.execute(RemoteWebDriver.java:548)
at org.openqa.selenium.remote.RemoteWebElement.execute(RemoteWebElement.java:276)
at org.openqa.selenium.remote.RemoteWebElement.click(RemoteWebElement.java:83)
at baseclass.Basepage.Click(Basepage.java:31)
at pages.HomePage.ClickonCart(HomePage.java:43)
at TestCases.HomepageTest.ClickonCart(HomepageTest.java:32)
... Removed 29 stack frames]]>
    </failure>
  </testcase> <!-- ClickonCart -->
  <testcase name="Validatesearchwithhashmap" time="0.0" classname="TestCases.HomepageTest">
    <ignored/>
  </testcase> <!-- Validatesearchwithhashmap -->
</testsuite> <!-- Homepage,Fruits page and cart page Validation -->
